<?xml version="1.0" encoding="UTF-8"?>
<!-- Generated by org.testng.reporters.JUnitReportReporter -->
<testsuite hostname="DLLB0015" name="com.cengage.mtx.test.smoketest.MTXAutomationSmokeTestHistoryStudentWorkFlow" tests="16" failures="0" timestamp="29 Jan 2014 13:51:46 GMT" time="175.546" errors="0">
  <testcase name="TC012_verifyStatusDisplayAsCompletedForEssayActivity" time="0.931" classname="com.cengage.mtx.test.smoketest.MTXAutomationSmokeTestHistoryStudentWorkFlow"/>
  <testcase name="TC009_verifyStudentAttemptopenSourceActivity" time="30.081" classname="com.cengage.mtx.test.smoketest.MTXAutomationSmokeTestHistoryStudentWorkFlow"/>
  <testcase name="TC004_verifyAllAppsButtonDisplaysOnStudentHomePage" time="0.188" classname="com.cengage.mtx.test.smoketest.MTXAutomationSmokeTestHistoryStudentWorkFlow"/>
  <testcase name="TC008_verifyStatusDisplayAsCompletedForInfographicActivity" time="0.595" classname="com.cengage.mtx.test.smoketest.MTXAutomationSmokeTestHistoryStudentWorkFlow"/>
  <testcase name="TC015_verifyStudentAttemptStudyActivity" time="3.954" classname="com.cengage.mtx.test.smoketest.MTXAutomationSmokeTestHistoryStudentWorkFlow"/>
  <testcase name="TC013_verifyStudentAttemptSingleAndMultipleSourceActivity" time="15.710" classname="com.cengage.mtx.test.smoketest.MTXAutomationSmokeTestHistoryStudentWorkFlow"/>
  <testcase name="TC010_verifyStatusDisplayAsCompletedForSourceActivity" time="0.813" classname="com.cengage.mtx.test.smoketest.MTXAutomationSmokeTestHistoryStudentWorkFlow"/>
  <testcase name="TC011_verifyStudentAttemptEssayActivity" time="11.688" classname="com.cengage.mtx.test.smoketest.MTXAutomationSmokeTestHistoryStudentWorkFlow"/>
  <testcase name="TC002_verifyUserNavigateToDashboardPageAndClickOnOpenButton" time="8.710" classname="com.cengage.mtx.test.smoketest.MTXAutomationSmokeTestHistoryStudentWorkFlow"/>
  <testcase name="TC016_logOutFromApplication" time="5.247" classname="com.cengage.mtx.test.smoketest.MTXAutomationSmokeTestHistoryStudentWorkFlow"/>
  <testcase name="TC003_verifyUserRedirectToStudentDashboardAndConceptMapButtonDisplay" time="25.044" classname="com.cengage.mtx.test.smoketest.MTXAutomationSmokeTestHistoryStudentWorkFlow"/>
  <testcase name="TC006_verifyNumberOfWeekEqualswithWeekavailableinWeekSlider" time="0.164" classname="com.cengage.mtx.test.smoketest.MTXAutomationSmokeTestHistoryStudentWorkFlow"/>
  <testcase name="TC007_verifyStudentAttemptAndSubmitInfographicActivity" time="20.672" classname="com.cengage.mtx.test.smoketest.MTXAutomationSmokeTestHistoryStudentWorkFlow"/>
  <testcase name="TC005_verifyStudentLaunchActivitiesDisplayOnStudentHomePage" time="38.732" classname="com.cengage.mtx.test.smoketest.MTXAutomationSmokeTestHistoryStudentWorkFlow"/>
  <testcase name="TC001_loginToTheSSOFrontDoor" time="12.226" classname="com.cengage.mtx.test.smoketest.MTXAutomationSmokeTestHistoryStudentWorkFlow"/>
  <testcase name="TC014_verifyStatusDisplayAsCompletedForSingleAndMultipleSourceActivity" time="0.791" classname="com.cengage.mtx.test.smoketest.MTXAutomationSmokeTestHistoryStudentWorkFlow"/>
</testsuite> <!-- com.cengage.mtx.test.smoketest.MTXAutomationSmokeTestHistoryStudentWorkFlow -->
