<?xml version="1.0" encoding="UTF-8"?>
<!-- Generated by org.testng.reporters.JUnitReportReporter -->
<testsuite hostname="DLLB0015" name="com.cengage.mtx.test.smoketest.MTXAutomationSmokeTestChemistryStudentWorkFlow" tests="16" failures="0" timestamp="29 Jan 2014 13:51:46 GMT" time="225.537" errors="0">
  <testcase name="TC005_verifyStudentLaunchActivitiesDisplayOnStudentHomePage" time="54.239" classname="com.cengage.mtx.test.smoketest.MTXAutomationSmokeTestChemistryStudentWorkFlow"/>
  <testcase name="TC001_loginToTheSSOFrontDoor" time="14.084" classname="com.cengage.mtx.test.smoketest.MTXAutomationSmokeTestChemistryStudentWorkFlow"/>
  <testcase name="TC009_verifyStudentAttemptAndSubmitIntroductionandQuickPrepActivity" time="10.607" classname="com.cengage.mtx.test.smoketest.MTXAutomationSmokeTestChemistryStudentWorkFlow"/>
  <testcase name="TC013_verifyStudentAttemptAndSubmitReviewandChallengeActivity" time="9.388" classname="com.cengage.mtx.test.smoketest.MTXAutomationSmokeTestChemistryStudentWorkFlow"/>
  <testcase name="TC016_logOutFromApplication" time="2.687" classname="com.cengage.mtx.test.smoketest.MTXAutomationSmokeTestChemistryStudentWorkFlow"/>
  <testcase name="TC002_verifyUserNavigateToDashboardPageAndClickOnOpenButton" time="8.777" classname="com.cengage.mtx.test.smoketest.MTXAutomationSmokeTestChemistryStudentWorkFlow"/>
  <testcase name="TC008_verifyStatusdisplayAsCompletedForConceptualTutoredActivity" time="2.528" classname="com.cengage.mtx.test.smoketest.MTXAutomationSmokeTestChemistryStudentWorkFlow"/>
  <testcase name="TC004_verifyAllAppsButtonDisplaysOnStudentHomePage" time="0.211" classname="com.cengage.mtx.test.smoketest.MTXAutomationSmokeTestChemistryStudentWorkFlow"/>
  <testcase name="TC007_verifyStudentAttemptAndSubmitConceptualTutoredActivity" time="16.474" classname="com.cengage.mtx.test.smoketest.MTXAutomationSmokeTestChemistryStudentWorkFlow"/>
  <testcase name="TC015_verifyStudentOpenStudyGuide" time="1.300" classname="com.cengage.mtx.test.smoketest.MTXAutomationSmokeTestChemistryStudentWorkFlow"/>
  <testcase name="TC006_verifyNumberOfWeekEqualswithWeekavailableinWeekSlider" time="0.242" classname="com.cengage.mtx.test.smoketest.MTXAutomationSmokeTestChemistryStudentWorkFlow"/>
  <testcase name="TC010_verifyIntroductionandQuickPrepActivityStatusAsCompleted" time="2.667" classname="com.cengage.mtx.test.smoketest.MTXAutomationSmokeTestChemistryStudentWorkFlow"/>
  <testcase name="TC014_verifyStatusdisplayAsCompletedForReviewandChallengeActivity" time="2.577" classname="com.cengage.mtx.test.smoketest.MTXAutomationSmokeTestChemistryStudentWorkFlow"/>
  <testcase name="TC003_verifyUserRedirectToStudentDashboardAndConceptMapButtonDisplay" time="24.817" classname="com.cengage.mtx.test.smoketest.MTXAutomationSmokeTestChemistryStudentWorkFlow"/>
  <testcase name="TC012_verifyStatusdisplayAsCompletedForMasteryActivity" time="2.595" classname="com.cengage.mtx.test.smoketest.MTXAutomationSmokeTestChemistryStudentWorkFlow"/>
  <testcase name="TC011_verifyStudentAttemptAndSubmitMasteryActivity" time="72.344" classname="com.cengage.mtx.test.smoketest.MTXAutomationSmokeTestChemistryStudentWorkFlow"/>
</testsuite> <!-- com.cengage.mtx.test.smoketest.MTXAutomationSmokeTestChemistryStudentWorkFlow -->
