<?xml version="1.0" encoding="UTF-8"?>
<!-- Generated by org.testng.reporters.JUnitReportReporter -->
<testsuite hostname="DLLB0015" name="com.cengage.mtx.test.smoketest.MTXAutomationInstructorTakeDeleteTest" tests="10" failures="0" timestamp="29 Jan 2014 13:51:46 GMT" time="510.496" errors="0">
  <testcase name="TC005_performDeleteOfStudentScore" time="120.235" classname="com.cengage.mtx.test.smoketest.MTXAutomationInstructorTakeDeleteTest"/>
  <testcase name="TC001_loginToTheSSOFrontDoor" time="12.898" classname="com.cengage.mtx.test.smoketest.MTXAutomationInstructorTakeDeleteTest"/>
  <testcase name="TC001_loginToTheSSOFrontDoor" time="12.323" classname="com.cengage.mtx.test.smoketest.MTXAutomationInstructorTakeDeleteTest"/>
  <testcase name="TC003_actionsOnWeekWidgetView" time="31.135" classname="com.cengage.mtx.test.smoketest.MTXAutomationInstructorTakeDeleteTest"/>
  <testcase name="TC005_performDeleteOfStudentScore" time="272.408" classname="com.cengage.mtx.test.smoketest.MTXAutomationInstructorTakeDeleteTest"/>
  <testcase name="TC002_performOperationsOnHomePage" time="13.009" classname="com.cengage.mtx.test.smoketest.MTXAutomationInstructorTakeDeleteTest"/>
  <testcase name="TC004_actionsOnStudentTab" time="3.172" classname="com.cengage.mtx.test.smoketest.MTXAutomationInstructorTakeDeleteTest"/>
  <testcase name="TC004_actionsOnStudentTab" time="2.783" classname="com.cengage.mtx.test.smoketest.MTXAutomationInstructorTakeDeleteTest"/>
  <testcase name="TC003_actionsOnWeekWidgetView" time="29.557" classname="com.cengage.mtx.test.smoketest.MTXAutomationInstructorTakeDeleteTest"/>
  <testcase name="TC002_performOperationsOnHomePage" time="12.976" classname="com.cengage.mtx.test.smoketest.MTXAutomationInstructorTakeDeleteTest"/>
</testsuite> <!-- com.cengage.mtx.test.smoketest.MTXAutomationInstructorTakeDeleteTest -->
