<?xml version="1.0" encoding="UTF-8"?>
<!-- Generated by org.testng.reporters.JUnitReportReporter -->
<testsuite hostname="DLLB0015" name="com.cengage.mtx.automation.BasicSmoke.tests.InstructorTakeDelete_Test" tests="10" failures="0" timestamp="22 Jan 2014 12:57:02 GMT" time="225.073" errors="0">
  <testcase name="actionsOnWeekWidgetView" time="17.820" classname="com.cengage.mtx.automation.BasicSmoke.tests.InstructorTakeDelete_Test"/>
  <testcase name="performDeleteOfStudentScore" time="71.296" classname="com.cengage.mtx.automation.BasicSmoke.tests.InstructorTakeDelete_Test"/>
  <testcase name="loginToTheSSOFrontDoor" time="13.619" classname="com.cengage.mtx.automation.BasicSmoke.tests.InstructorTakeDelete_Test"/>
  <testcase name="performDeleteOfStudentScore" time="17.377" classname="com.cengage.mtx.automation.BasicSmoke.tests.InstructorTakeDelete_Test"/>
  <testcase name="actionsOnWeekWidgetView" time="11.932" classname="com.cengage.mtx.automation.BasicSmoke.tests.InstructorTakeDelete_Test"/>
  <testcase name="actionsOnStudentTab" time="5.260" classname="com.cengage.mtx.automation.BasicSmoke.tests.InstructorTakeDelete_Test"/>
  <testcase name="actionsOnStudentTab" time="7.104" classname="com.cengage.mtx.automation.BasicSmoke.tests.InstructorTakeDelete_Test"/>
  <testcase name="loginToTheSSOFrontDoor" time="15.699" classname="com.cengage.mtx.automation.BasicSmoke.tests.InstructorTakeDelete_Test"/>
  <testcase name="performOperationsOnHomePage" time="33.437" classname="com.cengage.mtx.automation.BasicSmoke.tests.InstructorTakeDelete_Test"/>
  <testcase name="performOperationsOnHomePage" time="31.529" classname="com.cengage.mtx.automation.BasicSmoke.tests.InstructorTakeDelete_Test"/>
</testsuite> <!-- com.cengage.mtx.automation.BasicSmoke.tests.InstructorTakeDelete_Test -->
