<?xml version="1.0" encoding="UTF-8"?>
<!-- Generated by org.testng.reporters.JUnitReportReporter -->
<testsuite hostname="DLLB0015" name="com.cengage.mtx.automation.BasicSmoke.tests.MTXAutomationSmokeTestChemistryStudentWorkFlow" tests="16" failures="0" timestamp="27 Jan 2014 11:35:53 GMT" time="276.897" errors="0">
  <testcase name="TC010_verifyIntroductionandQuickPrepActivityStatusAsCompleted" time="7.509" classname="com.cengage.mtx.automation.BasicSmoke.tests.MTXAutomationSmokeTestChemistryStudentWorkFlow"/>
  <testcase name="TC014_verifyStatusdisplayAsCompletedForReviewandChallengeActivity" time="7.376" classname="com.cengage.mtx.automation.BasicSmoke.tests.MTXAutomationSmokeTestChemistryStudentWorkFlow"/>
  <testcase name="TC006_verifyNumberOfWeekEqualswithWeekavailableinWeekSlider" time="0.200" classname="com.cengage.mtx.automation.BasicSmoke.tests.MTXAutomationSmokeTestChemistryStudentWorkFlow"/>
  <testcase name="TC007_verifyStudentAttemptAndSubmitConceptualTutoredActivity" time="70.667" classname="com.cengage.mtx.automation.BasicSmoke.tests.MTXAutomationSmokeTestChemistryStudentWorkFlow"/>
  <testcase name="TC004_verifyAllAppsButtonDisplaysOnStudentHomePage" time="7.631" classname="com.cengage.mtx.automation.BasicSmoke.tests.MTXAutomationSmokeTestChemistryStudentWorkFlow"/>
  <testcase name="TC009_verifyStudentAttemptAndSubmitIntroductionandQuickPrepActivity" time="11.325" classname="com.cengage.mtx.automation.BasicSmoke.tests.MTXAutomationSmokeTestChemistryStudentWorkFlow"/>
  <testcase name="TC001_loginToTheSSOFrontDoor" time="16.194" classname="com.cengage.mtx.automation.BasicSmoke.tests.MTXAutomationSmokeTestChemistryStudentWorkFlow"/>
  <testcase name="TC011_verifyStudentAttemptAndSubmitMasteryActivity" time="73.103" classname="com.cengage.mtx.automation.BasicSmoke.tests.MTXAutomationSmokeTestChemistryStudentWorkFlow"/>
  <testcase name="TC015_verifyStudentOpenStudyGuide" time="1.741" classname="com.cengage.mtx.automation.BasicSmoke.tests.MTXAutomationSmokeTestChemistryStudentWorkFlow"/>
  <testcase name="TC002_verifyUserNavigateToDashboardPageAndClickOnOpenButton" time="32.433" classname="com.cengage.mtx.automation.BasicSmoke.tests.MTXAutomationSmokeTestChemistryStudentWorkFlow"/>
  <testcase name="TC013_verifyStudentAttemptAndSubmitReviewandChallengeActivity" time="12.430" classname="com.cengage.mtx.automation.BasicSmoke.tests.MTXAutomationSmokeTestChemistryStudentWorkFlow"/>
  <testcase name="TC003_verifyUserRedirectToStudentDashboardAndConceptMapButtonDisplay" time="12.930" classname="com.cengage.mtx.automation.BasicSmoke.tests.MTXAutomationSmokeTestChemistryStudentWorkFlow"/>
  <testcase name="TC016_logOutFromApplication" time="2.349" classname="com.cengage.mtx.automation.BasicSmoke.tests.MTXAutomationSmokeTestChemistryStudentWorkFlow"/>
  <testcase name="TC008_verifyStatusdisplayAsCompletedForConceptualTutoredActivity" time="0.071" classname="com.cengage.mtx.automation.BasicSmoke.tests.MTXAutomationSmokeTestChemistryStudentWorkFlow"/>
  <testcase name="TC005_verifyStudentLaunchActivitiesDisplayOnStudentHomePage" time="13.920" classname="com.cengage.mtx.automation.BasicSmoke.tests.MTXAutomationSmokeTestChemistryStudentWorkFlow"/>
  <testcase name="TC012_verifyStatusdisplayAsCompletedForMasteryActivity" time="7.018" classname="com.cengage.mtx.automation.BasicSmoke.tests.MTXAutomationSmokeTestChemistryStudentWorkFlow"/>
</testsuite> <!-- com.cengage.mtx.automation.BasicSmoke.tests.MTXAutomationSmokeTestChemistryStudentWorkFlow -->
