<?xml version="1.0" encoding="UTF-8"?>
<!-- Generated by org.testng.reporters.JUnitReportReporter -->
<testsuite hostname="DLLB0015" name="com.cengage.mtx.automation.BasicSmoke.tests.MTXAutomationInstructorTakeDeleteTest" tests="10" failures="0" timestamp="27 Jan 2014 11:35:53 GMT" time="589.131" errors="0">
  <testcase name="TC003_actionsOnWeekWidgetView" time="13.796" classname="com.cengage.mtx.automation.BasicSmoke.tests.MTXAutomationInstructorTakeDeleteTest"/>
  <testcase name="TC001_loginToTheSSOFrontDoor" time="14.936" classname="com.cengage.mtx.automation.BasicSmoke.tests.MTXAutomationInstructorTakeDeleteTest"/>
  <testcase name="TC002_performOperationsOnHomePage" time="37.823" classname="com.cengage.mtx.automation.BasicSmoke.tests.MTXAutomationInstructorTakeDeleteTest"/>
  <testcase name="TC005_performDeleteOfStudentScore" time="302.830" classname="com.cengage.mtx.automation.BasicSmoke.tests.MTXAutomationInstructorTakeDeleteTest"/>
  <testcase name="TC003_actionsOnWeekWidgetView" time="2.944" classname="com.cengage.mtx.automation.BasicSmoke.tests.MTXAutomationInstructorTakeDeleteTest"/>
  <testcase name="TC005_performDeleteOfStudentScore" time="120.452" classname="com.cengage.mtx.automation.BasicSmoke.tests.MTXAutomationInstructorTakeDeleteTest"/>
  <testcase name="TC004_actionsOnStudentTab" time="7.549" classname="com.cengage.mtx.automation.BasicSmoke.tests.MTXAutomationInstructorTakeDeleteTest"/>
  <testcase name="TC004_actionsOnStudentTab" time="6.320" classname="com.cengage.mtx.automation.BasicSmoke.tests.MTXAutomationInstructorTakeDeleteTest"/>
  <testcase name="TC001_loginToTheSSOFrontDoor" time="16.386" classname="com.cengage.mtx.automation.BasicSmoke.tests.MTXAutomationInstructorTakeDeleteTest"/>
  <testcase name="TC002_performOperationsOnHomePage" time="66.095" classname="com.cengage.mtx.automation.BasicSmoke.tests.MTXAutomationInstructorTakeDeleteTest"/>
</testsuite> <!-- com.cengage.mtx.automation.BasicSmoke.tests.MTXAutomationInstructorTakeDeleteTest -->
