<?xml version="1.0" encoding="UTF-8"?>
<!-- Generated by org.testng.reporters.JUnitReportReporter -->
<testsuite hostname="DLLB0015" name="com.cengage.mtx.automation.BasicSmoke.tests.MTXAutomationInstructorTakeDeleteTest" tests="10" failures="0" timestamp="28 Jan 2014 09:19:52 GMT" time="358.504" errors="0">
  <testcase name="TC004_actionsOnStudentTab" time="10.275" classname="com.cengage.mtx.automation.BasicSmoke.tests.MTXAutomationInstructorTakeDeleteTest"/>
  <testcase name="TC005_performDeleteOfStudentScore" time="117.437" classname="com.cengage.mtx.automation.BasicSmoke.tests.MTXAutomationInstructorTakeDeleteTest"/>
  <testcase name="TC003_actionsOnWeekWidgetView" time="17.551" classname="com.cengage.mtx.automation.BasicSmoke.tests.MTXAutomationInstructorTakeDeleteTest"/>
  <testcase name="TC001_loginToTheSSOFrontDoor" time="14.702" classname="com.cengage.mtx.automation.BasicSmoke.tests.MTXAutomationInstructorTakeDeleteTest"/>
  <testcase name="TC002_performOperationsOnHomePage" time="27.206" classname="com.cengage.mtx.automation.BasicSmoke.tests.MTXAutomationInstructorTakeDeleteTest"/>
  <testcase name="TC002_performOperationsOnHomePage" time="38.313" classname="com.cengage.mtx.automation.BasicSmoke.tests.MTXAutomationInstructorTakeDeleteTest"/>
  <testcase name="TC003_actionsOnWeekWidgetView" time="26.897" classname="com.cengage.mtx.automation.BasicSmoke.tests.MTXAutomationInstructorTakeDeleteTest"/>
  <testcase name="TC001_loginToTheSSOFrontDoor" time="17.829" classname="com.cengage.mtx.automation.BasicSmoke.tests.MTXAutomationInstructorTakeDeleteTest"/>
  <testcase name="TC004_actionsOnStudentTab" time="7.495" classname="com.cengage.mtx.automation.BasicSmoke.tests.MTXAutomationInstructorTakeDeleteTest"/>
  <testcase name="TC005_performDeleteOfStudentScore" time="80.799" classname="com.cengage.mtx.automation.BasicSmoke.tests.MTXAutomationInstructorTakeDeleteTest"/>
</testsuite> <!-- com.cengage.mtx.automation.BasicSmoke.tests.MTXAutomationInstructorTakeDeleteTest -->
