<?xml version="1.0" encoding="UTF-8"?>
<!-- Generated by org.testng.reporters.JUnitReportReporter -->
<testsuite hostname="DLLB0015" name="com.cengage.mtx.automation.BasicSmoke.tests.Basic_History_SmokeTest" tests="30" failures="0" timestamp="22 Jan 2014 12:57:02 GMT" time="153.293" errors="0">
  <testcase name="Tc005_clickOnAppsAndVerifyAllOpen" time="20.236" classname="com.cengage.mtx.automation.BasicSmoke.tests.Basic_History_SmokeTest"/>
  <testcase name="Tc001_loginToTheSSOFrontDoor" time="9.750" classname="com.cengage.mtx.automation.BasicSmoke.tests.Basic_History_SmokeTest"/>
  <testcase name="Tc007_openInfographicActivity" time="0.204" classname="com.cengage.mtx.automation.BasicSmoke.tests.Basic_History_SmokeTest"/>
  <testcase name="Tc025_attemptSingleAndMultipleSourceActivityandSubmit" time="7.211" classname="com.cengage.mtx.automation.BasicSmoke.tests.Basic_History_SmokeTest"/>
  <testcase name="Tc004_verifyAllAppsButtonDisplays" time="2.301" classname="com.cengage.mtx.automation.BasicSmoke.tests.Basic_History_SmokeTest"/>
  <testcase name="Tc003_ActionsOnWeekWidgetView" time="7.808" classname="com.cengage.mtx.automation.BasicSmoke.tests.Basic_History_SmokeTest"/>
  <testcase name="Tc010_attemptInfographicActivityandSubmit" time="8.758" classname="com.cengage.mtx.automation.BasicSmoke.tests.Basic_History_SmokeTest"/>
  <testcase name="Tc013_verifySourceActivityPanelDisplay" time="1.239" classname="com.cengage.mtx.automation.BasicSmoke.tests.Basic_History_SmokeTest"/>
  <testcase name="Tc009_startActivityButtonInfographicDisplayAndClick" time="6.180" classname="com.cengage.mtx.automation.BasicSmoke.tests.Basic_History_SmokeTest"/>
  <testcase name="Tc023_verifySingleAndMultipleSourceActivityPanelDisplay" time="1.332" classname="com.cengage.mtx.automation.BasicSmoke.tests.Basic_History_SmokeTest"/>
  <testcase name="Tc015_attemptSourceActivityandSubmit" time="22.453" classname="com.cengage.mtx.automation.BasicSmoke.tests.Basic_History_SmokeTest"/>
  <testcase name="Tc017_openEssayActivity" time="0.854" classname="com.cengage.mtx.automation.BasicSmoke.tests.Basic_History_SmokeTest"/>
  <testcase name="Tc018_verifyEssayActivityPanelDisplay" time="1.164" classname="com.cengage.mtx.automation.BasicSmoke.tests.Basic_History_SmokeTest"/>
  <testcase name="Tc012_openSourceActivityActivity" time="0.580" classname="com.cengage.mtx.automation.BasicSmoke.tests.Basic_History_SmokeTest"/>
  <testcase name="Tc002_performOperationsOnHomePage" time="22.424" classname="com.cengage.mtx.automation.BasicSmoke.tests.Basic_History_SmokeTest"/>
  <testcase name="Tc016_verifyCompleteStatusForSourceActivity" time="1.147" classname="com.cengage.mtx.automation.BasicSmoke.tests.Basic_History_SmokeTest"/>
  <testcase name="Tc024_startActivityButtonSingleAndMultipleSourceActivityDisplayAndClick" time="3.763" classname="com.cengage.mtx.automation.BasicSmoke.tests.Basic_History_SmokeTest"/>
  <testcase name="Tc030_logOutFromApplication" time="2.157" classname="com.cengage.mtx.automation.BasicSmoke.tests.Basic_History_SmokeTest"/>
  <testcase name="Tc029_startStudyActivityAndClose" time="3.350" classname="com.cengage.mtx.automation.BasicSmoke.tests.Basic_History_SmokeTest"/>
  <testcase name="Tc022_openSingleAndMultipleSourceActivity" time="0.522" classname="com.cengage.mtx.automation.BasicSmoke.tests.Basic_History_SmokeTest"/>
  <testcase name="Tc019_startActivityButtonEssayActivityDisplayAndClick" time="2.559" classname="com.cengage.mtx.automation.BasicSmoke.tests.Basic_History_SmokeTest"/>
  <testcase name="Tc026_verifyCompleteStatusForSingleAndMultipleSourceActivity" time="1.325" classname="com.cengage.mtx.automation.BasicSmoke.tests.Basic_History_SmokeTest"/>
  <testcase name="Tc021_verifyCompleteStatusForEssayActivity" time="1.240" classname="com.cengage.mtx.automation.BasicSmoke.tests.Basic_History_SmokeTest"/>
  <testcase name="Tc006_verifyNumberOfWeekEqualswithWeekavailableinWeekSlider" time="0.185" classname="com.cengage.mtx.automation.BasicSmoke.tests.Basic_History_SmokeTest"/>
  <testcase name="Tc011_verifyCompleteStatusForInfographicActivity" time="3.494" classname="com.cengage.mtx.automation.BasicSmoke.tests.Basic_History_SmokeTest"/>
  <testcase name="Tc008_verifyInfographicActivityPanelDisplay" time="6.987" classname="com.cengage.mtx.automation.BasicSmoke.tests.Basic_History_SmokeTest"/>
  <testcase name="Tc027_openStudyActivity" time="0.998" classname="com.cengage.mtx.automation.BasicSmoke.tests.Basic_History_SmokeTest"/>
  <testcase name="Tc014_startActivityButtonSourceActivityDisplayAndClick" time="4.364" classname="com.cengage.mtx.automation.BasicSmoke.tests.Basic_History_SmokeTest"/>
  <testcase name="Tc020_attemptEssayActivityandSubmit" time="7.306" classname="com.cengage.mtx.automation.BasicSmoke.tests.Basic_History_SmokeTest"/>
  <testcase name="Tc028_verifyStudyActivityPanelDisplay" time="1.402" classname="com.cengage.mtx.automation.BasicSmoke.tests.Basic_History_SmokeTest"/>
</testsuite> <!-- com.cengage.mtx.automation.BasicSmoke.tests.Basic_History_SmokeTest -->
