<?xml version="1.0" encoding="UTF-8"?>
<!-- Generated by org.testng.reporters.JUnitReportReporter -->
<testsuite hostname="DLLB0015" name="com.cengage.mtx.automation.BasicSmoke.tests.MTXAutomationSmokeTestChemistryStudentWorkFlow" tests="16" failures="0" timestamp="28 Jan 2014 09:19:52 GMT" time="238.897" errors="0">
  <testcase name="TC009_verifyStudentAttemptAndSubmitIntroductionandQuickPrepActivity" time="9.812" classname="com.cengage.mtx.automation.BasicSmoke.tests.MTXAutomationSmokeTestChemistryStudentWorkFlow"/>
  <testcase name="TC013_verifyStudentAttemptAndSubmitReviewandChallengeActivity" time="8.341" classname="com.cengage.mtx.automation.BasicSmoke.tests.MTXAutomationSmokeTestChemistryStudentWorkFlow"/>
  <testcase name="TC005_verifyStudentLaunchActivitiesDisplayOnStudentHomePage" time="35.848" classname="com.cengage.mtx.automation.BasicSmoke.tests.MTXAutomationSmokeTestChemistryStudentWorkFlow"/>
  <testcase name="TC001_loginToTheSSOFrontDoor" time="11.767" classname="com.cengage.mtx.automation.BasicSmoke.tests.MTXAutomationSmokeTestChemistryStudentWorkFlow"/>
  <testcase name="TC016_logOutFromApplication" time="2.371" classname="com.cengage.mtx.automation.BasicSmoke.tests.MTXAutomationSmokeTestChemistryStudentWorkFlow"/>
  <testcase name="TC007_verifyStudentAttemptAndSubmitConceptualTutoredActivity" time="25.251" classname="com.cengage.mtx.automation.BasicSmoke.tests.MTXAutomationSmokeTestChemistryStudentWorkFlow"/>
  <testcase name="TC003_verifyUserRedirectToStudentDashboardAndConceptMapButtonDisplay" time="0.050" classname="com.cengage.mtx.automation.BasicSmoke.tests.MTXAutomationSmokeTestChemistryStudentWorkFlow"/>
  <testcase name="TC012_verifyStatusdisplayAsCompletedForMasteryActivity" time="6.919" classname="com.cengage.mtx.automation.BasicSmoke.tests.MTXAutomationSmokeTestChemistryStudentWorkFlow"/>
  <testcase name="TC006_verifyNumberOfWeekEqualswithWeekavailableinWeekSlider" time="0.183" classname="com.cengage.mtx.automation.BasicSmoke.tests.MTXAutomationSmokeTestChemistryStudentWorkFlow"/>
  <testcase name="TC015_verifyStudentOpenStudyGuide" time="1.690" classname="com.cengage.mtx.automation.BasicSmoke.tests.MTXAutomationSmokeTestChemistryStudentWorkFlow"/>
  <testcase name="TC011_verifyStudentAttemptAndSubmitMasteryActivity" time="72.324" classname="com.cengage.mtx.automation.BasicSmoke.tests.MTXAutomationSmokeTestChemistryStudentWorkFlow"/>
  <testcase name="TC002_verifyUserNavigateToDashboardPageAndClickOnOpenButton" time="44.712" classname="com.cengage.mtx.automation.BasicSmoke.tests.MTXAutomationSmokeTestChemistryStudentWorkFlow"/>
  <testcase name="TC008_verifyStatusdisplayAsCompletedForConceptualTutoredActivity" time="5.087" classname="com.cengage.mtx.automation.BasicSmoke.tests.MTXAutomationSmokeTestChemistryStudentWorkFlow"/>
  <testcase name="TC010_verifyIntroductionandQuickPrepActivityStatusAsCompleted" time="6.844" classname="com.cengage.mtx.automation.BasicSmoke.tests.MTXAutomationSmokeTestChemistryStudentWorkFlow"/>
  <testcase name="TC014_verifyStatusdisplayAsCompletedForReviewandChallengeActivity" time="7.535" classname="com.cengage.mtx.automation.BasicSmoke.tests.MTXAutomationSmokeTestChemistryStudentWorkFlow"/>
  <testcase name="TC004_verifyAllAppsButtonDisplaysOnStudentHomePage" time="0.163" classname="com.cengage.mtx.automation.BasicSmoke.tests.MTXAutomationSmokeTestChemistryStudentWorkFlow"/>
</testsuite> <!-- com.cengage.mtx.automation.BasicSmoke.tests.MTXAutomationSmokeTestChemistryStudentWorkFlow -->
