<?xml version="1.0" encoding="UTF-8"?>
<!-- Generated by org.testng.reporters.JUnitReportReporter -->
<testsuite hostname="DLLB0015" name="com.cengage.mtx.automation.BasicSmoke.tests.MTXAutomationSmokeTestHistoryStudentWorkFlow" tests="16" failures="0" timestamp="27 Jan 2014 11:35:53 GMT" time="201.895" errors="0">
  <testcase name="TC001_loginToTheSSOFrontDoor" time="12.755" classname="com.cengage.mtx.automation.BasicSmoke.tests.MTXAutomationSmokeTestHistoryStudentWorkFlow"/>
  <testcase name="TC007_verifyStudentAttemptAndSubmitInfographicActivity" time="51.849" classname="com.cengage.mtx.automation.BasicSmoke.tests.MTXAutomationSmokeTestHistoryStudentWorkFlow"/>
  <testcase name="TC009_verifyStudentAttemptopenSourceActivity" time="32.305" classname="com.cengage.mtx.automation.BasicSmoke.tests.MTXAutomationSmokeTestHistoryStudentWorkFlow"/>
  <testcase name="TC003_verifyUserRedirectToStudentDashboardAndConceptMapButtonDisplay" time="8.444" classname="com.cengage.mtx.automation.BasicSmoke.tests.MTXAutomationSmokeTestHistoryStudentWorkFlow"/>
  <testcase name="TC005_verifyStudentLaunchActivitiesDisplayOnStudentHomePage" time="9.094" classname="com.cengage.mtx.automation.BasicSmoke.tests.MTXAutomationSmokeTestHistoryStudentWorkFlow"/>
  <testcase name="TC015_verifyStudentAttemptStudyActivity" time="6.297" classname="com.cengage.mtx.automation.BasicSmoke.tests.MTXAutomationSmokeTestHistoryStudentWorkFlow"/>
  <testcase name="TC013_verifyStudentAttemptSingleAndMultipleSourceActivity" time="16.054" classname="com.cengage.mtx.automation.BasicSmoke.tests.MTXAutomationSmokeTestHistoryStudentWorkFlow"/>
  <testcase name="TC012_verifyStatusDisplayAsCompletedForEssayActivity" time="1.971" classname="com.cengage.mtx.automation.BasicSmoke.tests.MTXAutomationSmokeTestHistoryStudentWorkFlow"/>
  <testcase name="TC004_verifyAllAppsButtonDisplaysOnStudentHomePage" time="1.650" classname="com.cengage.mtx.automation.BasicSmoke.tests.MTXAutomationSmokeTestHistoryStudentWorkFlow"/>
  <testcase name="TC006_verifyNumberOfWeekEqualswithWeekavailableinWeekSlider" time="0.357" classname="com.cengage.mtx.automation.BasicSmoke.tests.MTXAutomationSmokeTestHistoryStudentWorkFlow"/>
  <testcase name="TC010_verifyStatusDisplayAsCompletedForSourceActivity" time="1.804" classname="com.cengage.mtx.automation.BasicSmoke.tests.MTXAutomationSmokeTestHistoryStudentWorkFlow"/>
  <testcase name="TC016_logOutFromApplication" time="4.246" classname="com.cengage.mtx.automation.BasicSmoke.tests.MTXAutomationSmokeTestHistoryStudentWorkFlow"/>
  <testcase name="TC002_verifyUserNavigateToDashboardPageAndClickOnOpenButton" time="39.728" classname="com.cengage.mtx.automation.BasicSmoke.tests.MTXAutomationSmokeTestHistoryStudentWorkFlow"/>
  <testcase name="TC008_verifyStatusDisplayAsCompletedForInfographicActivity" time="1.417" classname="com.cengage.mtx.automation.BasicSmoke.tests.MTXAutomationSmokeTestHistoryStudentWorkFlow"/>
  <testcase name="TC014_verifyStatusDisplayAsCompletedForSingleAndMultipleSourceActivity" time="1.990" classname="com.cengage.mtx.automation.BasicSmoke.tests.MTXAutomationSmokeTestHistoryStudentWorkFlow"/>
  <testcase name="TC011_verifyStudentAttemptEssayActivity" time="11.934" classname="com.cengage.mtx.automation.BasicSmoke.tests.MTXAutomationSmokeTestHistoryStudentWorkFlow"/>
</testsuite> <!-- com.cengage.mtx.automation.BasicSmoke.tests.MTXAutomationSmokeTestHistoryStudentWorkFlow -->
