<?xml version="1.0" encoding="UTF-8"?>
<!-- Generated by org.testng.reporters.JUnitReportReporter -->
<testsuite hostname="DLLB0015" name="com.cengage.mtx.automation.BasicSmoke.tests.MTXAutomationSmokeTestHistoryStudentWorkFlow" tests="16" failures="0" timestamp="24 Jan 2014 07:45:27 GMT" time="171.508" errors="0">
  <testcase name="TC015_verifyStudentAttemptStudyActivity" time="9.131" classname="com.cengage.mtx.automation.BasicSmoke.tests.MTXAutomationSmokeTestHistoryStudentWorkFlow"/>
  <testcase name="TC006_verifyNumberOfWeekEqualswithWeekavailableinWeekSlider" time="0.272" classname="com.cengage.mtx.automation.BasicSmoke.tests.MTXAutomationSmokeTestHistoryStudentWorkFlow"/>
  <testcase name="TC008_verifyStatusDisplayAsCompletedForInfographicActivity" time="1.530" classname="com.cengage.mtx.automation.BasicSmoke.tests.MTXAutomationSmokeTestHistoryStudentWorkFlow"/>
  <testcase name="TC002_verifyUserNavigateToDashboardPageAndClickOnOpenButton" time="35.699" classname="com.cengage.mtx.automation.BasicSmoke.tests.MTXAutomationSmokeTestHistoryStudentWorkFlow"/>
  <testcase name="TC004_verifyAllAppsButtonDisplaysOnStudentHomePage" time="1.680" classname="com.cengage.mtx.automation.BasicSmoke.tests.MTXAutomationSmokeTestHistoryStudentWorkFlow"/>
  <testcase name="TC016_logOutFromApplication" time="2.122" classname="com.cengage.mtx.automation.BasicSmoke.tests.MTXAutomationSmokeTestHistoryStudentWorkFlow"/>
  <testcase name="TC001_loginToTheSSOFrontDoor" time="13.603" classname="com.cengage.mtx.automation.BasicSmoke.tests.MTXAutomationSmokeTestHistoryStudentWorkFlow"/>
  <testcase name="TC010_verifyStatusDisplayAsCompletedForSourceActivity" time="1.330" classname="com.cengage.mtx.automation.BasicSmoke.tests.MTXAutomationSmokeTestHistoryStudentWorkFlow"/>
  <testcase name="TC014_verifyStatusDisplayAsCompletedForSingleAndMultipleSourceActivity" time="1.200" classname="com.cengage.mtx.automation.BasicSmoke.tests.MTXAutomationSmokeTestHistoryStudentWorkFlow"/>
  <testcase name="TC011_verifyStudentAttemptEssayActivity" time="11.057" classname="com.cengage.mtx.automation.BasicSmoke.tests.MTXAutomationSmokeTestHistoryStudentWorkFlow"/>
  <testcase name="TC007_verifyStudentAttemptAndSubmitInfographicActivity" time="29.335" classname="com.cengage.mtx.automation.BasicSmoke.tests.MTXAutomationSmokeTestHistoryStudentWorkFlow"/>
  <testcase name="TC012_verifyStatusDisplayAsCompletedForEssayActivity" time="2.010" classname="com.cengage.mtx.automation.BasicSmoke.tests.MTXAutomationSmokeTestHistoryStudentWorkFlow"/>
  <testcase name="TC009_verifyStudentAttemptopenSourceActivity" time="27.952" classname="com.cengage.mtx.automation.BasicSmoke.tests.MTXAutomationSmokeTestHistoryStudentWorkFlow"/>
  <testcase name="TC003_verifyUserRedirectToStudentDashboardAndConceptMapButtonDisplay" time="8.120" classname="com.cengage.mtx.automation.BasicSmoke.tests.MTXAutomationSmokeTestHistoryStudentWorkFlow"/>
  <testcase name="TC013_verifyStudentAttemptSingleAndMultipleSourceActivity" time="19.947" classname="com.cengage.mtx.automation.BasicSmoke.tests.MTXAutomationSmokeTestHistoryStudentWorkFlow"/>
  <testcase name="TC005_verifyStudentLaunchActivitiesDisplayOnStudentHomePage" time="6.520" classname="com.cengage.mtx.automation.BasicSmoke.tests.MTXAutomationSmokeTestHistoryStudentWorkFlow"/>
</testsuite> <!-- com.cengage.mtx.automation.BasicSmoke.tests.MTXAutomationSmokeTestHistoryStudentWorkFlow -->
