<?xml version="1.0" encoding="UTF-8"?>
<!-- Generated by org.testng.reporters.JUnitReportReporter -->
<testsuite hostname="DLLB0015" name="com.cengage.mtx.automation.BasicSmoke.tests.Henley_Basic_Smoke_TestRunner" tests="1" failures="0" timestamp="24 Jan 2014 05:51:16 GMT" time="1101.987" errors="0">
  <testcase name="Test" time="1101.987" classname="com.cengage.mtx.automation.BasicSmoke.tests.Henley_Basic_Smoke_TestRunner"/>
</testsuite> <!-- com.cengage.mtx.automation.BasicSmoke.tests.Henley_Basic_Smoke_TestRunner -->
