<?xml version="1.0" encoding="UTF-8"?>
<!-- Generated by org.testng.reporters.JUnitReportReporter -->
<testsuite hostname="DLLB0015" name="com.cengage.mtx.automation.BasicSmoke.tests.MTXAutomationSmokeTestChemistryStudentWorkFlow" tests="16" failures="0" timestamp="27 Jan 2014 05:46:08 GMT" time="252.846" errors="0">
  <testcase name="TC003_verifyUserRedirectToStudentDashboardAndConceptMapButtonDisplay" time="12.102" classname="com.cengage.mtx.automation.BasicSmoke.tests.MTXAutomationSmokeTestChemistryStudentWorkFlow"/>
  <testcase name="TC010_verifyIntroductionandQuickPrepActivityStatusAsCompleted" time="6.544" classname="com.cengage.mtx.automation.BasicSmoke.tests.MTXAutomationSmokeTestChemistryStudentWorkFlow"/>
  <testcase name="TC006_verifyNumberOfWeekEqualswithWeekavailableinWeekSlider" time="0.178" classname="com.cengage.mtx.automation.BasicSmoke.tests.MTXAutomationSmokeTestChemistryStudentWorkFlow"/>
  <testcase name="TC016_logOutFromApplication" time="2.402" classname="com.cengage.mtx.automation.BasicSmoke.tests.MTXAutomationSmokeTestChemistryStudentWorkFlow"/>
  <testcase name="TC007_verifyStudentAttemptAndSubmitConceptualTutoredActivity" time="25.766" classname="com.cengage.mtx.automation.BasicSmoke.tests.MTXAutomationSmokeTestChemistryStudentWorkFlow"/>
  <testcase name="TC012_verifyStatusdisplayAsCompletedForMasteryActivity" time="5.717" classname="com.cengage.mtx.automation.BasicSmoke.tests.MTXAutomationSmokeTestChemistryStudentWorkFlow"/>
  <testcase name="TC013_verifyStudentAttemptAndSubmitReviewandChallengeActivity" time="12.491" classname="com.cengage.mtx.automation.BasicSmoke.tests.MTXAutomationSmokeTestChemistryStudentWorkFlow"/>
  <testcase name="TC001_loginToTheSSOFrontDoor" time="9.285" classname="com.cengage.mtx.automation.BasicSmoke.tests.MTXAutomationSmokeTestChemistryStudentWorkFlow"/>
  <testcase name="TC011_verifyStudentAttemptAndSubmitMasteryActivity" time="103.005" classname="com.cengage.mtx.automation.BasicSmoke.tests.MTXAutomationSmokeTestChemistryStudentWorkFlow"/>
  <testcase name="TC015_verifyStudentOpenStudyGuide" time="1.557" classname="com.cengage.mtx.automation.BasicSmoke.tests.MTXAutomationSmokeTestChemistryStudentWorkFlow"/>
  <testcase name="TC014_verifyStatusdisplayAsCompletedForReviewandChallengeActivity" time="5.803" classname="com.cengage.mtx.automation.BasicSmoke.tests.MTXAutomationSmokeTestChemistryStudentWorkFlow"/>
  <testcase name="TC002_verifyUserNavigateToDashboardPageAndClickOnOpenButton" time="26.230" classname="com.cengage.mtx.automation.BasicSmoke.tests.MTXAutomationSmokeTestChemistryStudentWorkFlow"/>
  <testcase name="TC008_verifyStatusdisplayAsCompletedForConceptualTutoredActivity" time="6.337" classname="com.cengage.mtx.automation.BasicSmoke.tests.MTXAutomationSmokeTestChemistryStudentWorkFlow"/>
  <testcase name="TC004_verifyAllAppsButtonDisplaysOnStudentHomePage" time="3.155" classname="com.cengage.mtx.automation.BasicSmoke.tests.MTXAutomationSmokeTestChemistryStudentWorkFlow"/>
  <testcase name="TC009_verifyStudentAttemptAndSubmitIntroductionandQuickPrepActivity" time="10.179" classname="com.cengage.mtx.automation.BasicSmoke.tests.MTXAutomationSmokeTestChemistryStudentWorkFlow"/>
  <testcase name="TC005_verifyStudentLaunchActivitiesDisplayOnStudentHomePage" time="22.095" classname="com.cengage.mtx.automation.BasicSmoke.tests.MTXAutomationSmokeTestChemistryStudentWorkFlow"/>
</testsuite> <!-- com.cengage.mtx.automation.BasicSmoke.tests.MTXAutomationSmokeTestChemistryStudentWorkFlow -->
