<?xml version="1.0" encoding="UTF-8"?>
<!-- Generated by org.testng.reporters.JUnitReportReporter -->
<testsuite hostname="DLLB0015" name="com.cengage.mtx.test.smoketest.MTXAutomationInstructorTakeDeleteTest" tests="5" failures="1" timestamp="29 Jan 2014 13:18:12 GMT" time="97.957" errors="0">
  <testcase name="TC005_performDeleteOfStudentScore" time="47.633" classname="com.cengage.mtx.test.smoketest.MTXAutomationInstructorTakeDeleteTest">
    <failure type="java.lang.NullPointerException">
      <![CDATA[java.lang.NullPointerException
	at org.openqa.selenium.remote.RemoteWebDriver.findElements(RemoteWebDriver.java:341)
	at org.openqa.selenium.remote.RemoteWebDriver.findElementsByXPath(RemoteWebDriver.java:408)
	at org.openqa.selenium.By$ByXPath.findElements(By.java:358)
	at org.openqa.selenium.remote.RemoteWebDriver.findElements(RemoteWebDriver.java:295)
	at org.openqa.selenium.support.pagefactory.DefaultElementLocator.findElements(DefaultElementLocator.java:75)
	at org.openqa.selenium.support.pagefactory.internal.LocatingElementListHandler.invoke(LocatingElementListHandler.java:35)
	at com.sun.proxy.$Proxy12.size(Unknown Source)
	at com.cengage.mtx.instructor_take_delete.keyword.InstructorTakeDeleteActions.getListOfActivityScoresAndDelete(InstructorTakeDeleteActions.java:140)
	at com.cengage.mtx.test.smoketest.MTXAutomationInstructorTakeDeleteTest.TC005_performDeleteOfStudentScore(MTXAutomationInstructorTakeDeleteTest.java:84)
	at sun.reflect.NativeMethodAccessorImpl.invoke0(Native Method)
	at sun.reflect.NativeMethodAccessorImpl.invoke(Unknown Source)
	at sun.reflect.DelegatingMethodAccessorImpl.invoke(Unknown Source)
	at java.lang.reflect.Method.invoke(Unknown Source)
	at org.testng.internal.MethodInvocationHelper.invokeMethod(MethodInvocationHelper.java:80)
	at org.testng.internal.Invoker.invokeMethod(Invoker.java:714)
	at org.testng.internal.Invoker.invokeTestMethod(Invoker.java:901)
	at org.testng.internal.Invoker.invokeTestMethods(Invoker.java:1231)
	at org.testng.internal.TestMethodWorker.invokeTestMethods(TestMethodWorker.java:127)
	at org.testng.internal.TestMethodWorker.run(TestMethodWorker.java:111)
	at org.testng.TestRunner.privateRun(TestRunner.java:767)
	at org.testng.TestRunner.run(TestRunner.java:617)
	at org.testng.SuiteRunner.runTest(SuiteRunner.java:334)
	at org.testng.SuiteRunner.runSequentially(SuiteRunner.java:329)
	at org.testng.SuiteRunner.privateRun(SuiteRunner.java:291)
	at org.testng.SuiteRunner.run(SuiteRunner.java:240)
	at org.testng.SuiteRunnerWorker.runSuite(SuiteRunnerWorker.java:52)
	at org.testng.SuiteRunnerWorker.run(SuiteRunnerWorker.java:86)
	at org.testng.TestNG.runSuitesSequentially(TestNG.java:1197)
	at org.testng.TestNG.runSuitesLocally(TestNG.java:1122)
	at org.testng.TestNG.run(TestNG.java:1030)
	at org.testng.remote.RemoteTestNG.run(RemoteTestNG.java:111)
	at org.testng.remote.RemoteTestNG.initAndRun(RemoteTestNG.java:204)
	at org.testng.remote.RemoteTestNG.main(RemoteTestNG.java:175)
]]>
    </failure>
  </testcase> <!-- TC005_performDeleteOfStudentScore -->
  <testcase name="TC001_loginToTheSSOFrontDoor" time="14.028" classname="com.cengage.mtx.test.smoketest.MTXAutomationInstructorTakeDeleteTest"/>
  <testcase name="TC004_actionsOnStudentTab" time="4.131" classname="com.cengage.mtx.test.smoketest.MTXAutomationInstructorTakeDeleteTest"/>
  <testcase name="TC003_actionsOnWeekWidgetView" time="21.696" classname="com.cengage.mtx.test.smoketest.MTXAutomationInstructorTakeDeleteTest"/>
  <testcase name="TC002_performOperationsOnHomePage" time="10.469" classname="com.cengage.mtx.test.smoketest.MTXAutomationInstructorTakeDeleteTest"/>
</testsuite> <!-- com.cengage.mtx.test.smoketest.MTXAutomationInstructorTakeDeleteTest -->
