<?xml version="1.0" encoding="UTF-8"?>
<!-- Generated by org.testng.reporters.JUnitReportReporter -->
<testsuite hostname="DLLB0015" name="com.cengage.mtx.test.smoketest.StudentWorkFlowSomkeTestRunner" tests="1" failures="0" timestamp="29 Jan 2014 13:51:52 GMT" time="998.195" errors="0">
  <testcase name="Test" time="998.195" classname="com.cengage.mtx.test.smoketest.StudentWorkFlowSomkeTestRunner"/>
</testsuite> <!-- com.cengage.mtx.test.smoketest.StudentWorkFlowSomkeTestRunner -->
