<?xml version="1.0" encoding="UTF-8"?>
<!-- Generated by org.testng.reporters.JUnitReportReporter -->
<testsuite hostname="DLLB0015" name="com.cengage.mtx.automation.BasicSmoke.tests.StudentWorkFlowSomkeTestRunner" tests="1" failures="0" timestamp="29 Jan 2014 04:28:33 GMT" time="1888.692" errors="0">
  <testcase name="Test" time="1888.692" classname="com.cengage.mtx.automation.BasicSmoke.tests.StudentWorkFlowSomkeTestRunner"/>
</testsuite> <!-- com.cengage.mtx.automation.BasicSmoke.tests.StudentWorkFlowSomkeTestRunner -->
