<?xml version="1.0" encoding="UTF-8"?>
<!-- Generated by org.testng.reporters.JUnitReportReporter -->
<testsuite hostname="DLLB0015" name="com.cengage.mtx.automation.reports.ResultsIT" tests="1" failures="0" timestamp="22 Jan 2014 10:22:48 GMT" time="0.157" errors="0">
  <testcase name="sendResultsMail" time="0.157" classname="com.cengage.mtx.automation.reports.ResultsIT"/>
</testsuite> <!-- com.cengage.mtx.automation.reports.ResultsIT -->
