<?xml version="1.0" encoding="UTF-8"?>
<!-- Generated by org.testng.reporters.JUnitReportReporter -->
<testsuite hostname="DLLB0015" name="com.cengage.mtx.automation.BasicSmoke.tests.MTXAutomationInstructorTakeDeleteTest" tests="5" failures="0" timestamp="28 Jan 2014 06:31:11 GMT" time="364.642" errors="0">
  <testcase name="TC005_performDeleteOfStudentScore" time="300.558" classname="com.cengage.mtx.automation.BasicSmoke.tests.MTXAutomationInstructorTakeDeleteTest"/>
  <testcase name="TC003_actionsOnWeekWidgetView" time="16.373" classname="com.cengage.mtx.automation.BasicSmoke.tests.MTXAutomationInstructorTakeDeleteTest"/>
  <testcase name="TC004_actionsOnStudentTab" time="9.512" classname="com.cengage.mtx.automation.BasicSmoke.tests.MTXAutomationInstructorTakeDeleteTest"/>
  <testcase name="TC001_loginToTheSSOFrontDoor" time="14.324" classname="com.cengage.mtx.automation.BasicSmoke.tests.MTXAutomationInstructorTakeDeleteTest"/>
  <testcase name="TC002_performOperationsOnHomePage" time="23.875" classname="com.cengage.mtx.automation.BasicSmoke.tests.MTXAutomationInstructorTakeDeleteTest"/>
</testsuite> <!-- com.cengage.mtx.automation.BasicSmoke.tests.MTXAutomationInstructorTakeDeleteTest -->
