<?xml version="1.0" encoding="UTF-8"?>
<!-- Generated by org.testng.reporters.JUnitReportReporter -->
<testsuite hostname="DLLB0015" name="com.cengage.automation.BasicSmoke.tests.Henley_Basic_Smoke_TestRunner" tests="1" failures="0" timestamp="20 Jan 2014 07:13:31 GMT" time="422.719" errors="0">
  <testcase name="Test" time="422.719" classname="com.cengage.automation.BasicSmoke.tests.Henley_Basic_Smoke_TestRunner"/>
</testsuite> <!-- com.cengage.automation.BasicSmoke.tests.Henley_Basic_Smoke_TestRunner -->
