<?xml version="1.0" encoding="UTF-8"?>
<!-- Generated by org.testng.reporters.JUnitReportReporter -->
<testsuite hostname="DLLB0015" name="com.cengage.mtx.automation.BasicSmoke.tests.InstructorTakeDelete_Test" tests="5" failures="0" timestamp="23 Jan 2014 12:53:25 GMT" time="83.658" errors="0">
  <testcase name="TC005_performDeleteOfStudentScore" time="20.601" classname="com.cengage.mtx.automation.BasicSmoke.tests.InstructorTakeDelete_Test"/>
  <testcase name="TC003_actionsOnWeekWidgetView" time="15.148" classname="com.cengage.mtx.automation.BasicSmoke.tests.InstructorTakeDelete_Test"/>
  <testcase name="TC001_loginToTheSSOFrontDoor" time="16.535" classname="com.cengage.mtx.automation.BasicSmoke.tests.InstructorTakeDelete_Test"/>
  <testcase name="TC002_performOperationsOnHomePage" time="24.763" classname="com.cengage.mtx.automation.BasicSmoke.tests.InstructorTakeDelete_Test"/>
  <testcase name="TC004_actionsOnStudentTab" time="6.611" classname="com.cengage.mtx.automation.BasicSmoke.tests.InstructorTakeDelete_Test"/>
</testsuite> <!-- com.cengage.mtx.automation.BasicSmoke.tests.InstructorTakeDelete_Test -->
