<?xml version="1.0" encoding="UTF-8"?>
<!-- Generated by org.testng.reporters.JUnitReportReporter -->
<testsuite hostname="DLLB0015" name="com.cengage.mtx.automation.BasicSmoke.tests.Basic_History_SmokeTest" tests="30" failures="0" timestamp="22 Jan 2014 09:46:24 GMT" time="183.994" errors="0">
  <testcase name="Tc007_openInfographicActivity" time="0.317" classname="com.cengage.mtx.automation.BasicSmoke.tests.Basic_History_SmokeTest"/>
  <testcase name="Tc002_performOperationsOnHomePage" time="29.122" classname="com.cengage.mtx.automation.BasicSmoke.tests.Basic_History_SmokeTest"/>
  <testcase name="Tc023_verifySingleAndMultipleSourceActivityPanelDisplay" time="1.386" classname="com.cengage.mtx.automation.BasicSmoke.tests.Basic_History_SmokeTest"/>
  <testcase name="Tc018_verifyEssayActivityPanelDisplay" time="1.407" classname="com.cengage.mtx.automation.BasicSmoke.tests.Basic_History_SmokeTest"/>
  <testcase name="Tc011_verifyCompleteStatusForInfographicActivity" time="1.086" classname="com.cengage.mtx.automation.BasicSmoke.tests.Basic_History_SmokeTest"/>
  <testcase name="Tc004_verifyAllAppsButtonDisplays" time="2.525" classname="com.cengage.mtx.automation.BasicSmoke.tests.Basic_History_SmokeTest"/>
  <testcase name="Tc016_verifyCompleteStatusForSourceActivity" time="1.319" classname="com.cengage.mtx.automation.BasicSmoke.tests.Basic_History_SmokeTest"/>
  <testcase name="Tc012_openSourceActivityActivity" time="0.674" classname="com.cengage.mtx.automation.BasicSmoke.tests.Basic_History_SmokeTest"/>
  <testcase name="Tc014_startActivityButtonSourceActivityDisplayAndClick" time="5.267" classname="com.cengage.mtx.automation.BasicSmoke.tests.Basic_History_SmokeTest"/>
  <testcase name="Tc003_ActionsOnWeekWidgetView" time="9.277" classname="com.cengage.mtx.automation.BasicSmoke.tests.Basic_History_SmokeTest"/>
  <testcase name="Tc019_startActivityButtonEssayActivityDisplayAndClick" time="3.360" classname="com.cengage.mtx.automation.BasicSmoke.tests.Basic_History_SmokeTest"/>
  <testcase name="Tc001_loginToTheSSOFrontDoor" time="11.300" classname="com.cengage.mtx.automation.BasicSmoke.tests.Basic_History_SmokeTest"/>
  <testcase name="Tc020_attemptEssayActivityandSubmit" time="7.011" classname="com.cengage.mtx.automation.BasicSmoke.tests.Basic_History_SmokeTest"/>
  <testcase name="Tc008_verifyInfographicActivityPanelDisplay" time="15.354" classname="com.cengage.mtx.automation.BasicSmoke.tests.Basic_History_SmokeTest"/>
  <testcase name="Tc005_clickOnAppsAndVerifyAllOpen" time="10.478" classname="com.cengage.mtx.automation.BasicSmoke.tests.Basic_History_SmokeTest"/>
  <testcase name="Tc017_openEssayActivity" time="0.604" classname="com.cengage.mtx.automation.BasicSmoke.tests.Basic_History_SmokeTest"/>
  <testcase name="Tc027_openStudyActivity" time="0.787" classname="com.cengage.mtx.automation.BasicSmoke.tests.Basic_History_SmokeTest"/>
  <testcase name="Tc022_openSingleAndMultipleSourceActivity" time="0.716" classname="com.cengage.mtx.automation.BasicSmoke.tests.Basic_History_SmokeTest"/>
  <testcase name="Tc028_verifyStudyActivityPanelDisplay" time="1.276" classname="com.cengage.mtx.automation.BasicSmoke.tests.Basic_History_SmokeTest"/>
  <testcase name="Tc024_startActivityButtonSingleAndMultipleSourceActivityDisplayAndClick" time="3.971" classname="com.cengage.mtx.automation.BasicSmoke.tests.Basic_History_SmokeTest"/>
  <testcase name="Tc021_verifyCompleteStatusForEssayActivity" time="2.469" classname="com.cengage.mtx.automation.BasicSmoke.tests.Basic_History_SmokeTest"/>
  <testcase name="Tc006_verifyNumberOfWeekEqualswithWeekavailableinWeekSlider" time="0.361" classname="com.cengage.mtx.automation.BasicSmoke.tests.Basic_History_SmokeTest"/>
  <testcase name="Tc009_startActivityButtonInfographicDisplayAndClick" time="21.876" classname="com.cengage.mtx.automation.BasicSmoke.tests.Basic_History_SmokeTest"/>
  <testcase name="Tc029_startStudyActivityAndClose" time="3.445" classname="com.cengage.mtx.automation.BasicSmoke.tests.Basic_History_SmokeTest"/>
  <testcase name="Tc015_attemptSourceActivityandSubmit" time="23.712" classname="com.cengage.mtx.automation.BasicSmoke.tests.Basic_History_SmokeTest"/>
  <testcase name="Tc026_verifyCompleteStatusForSingleAndMultipleSourceActivity" time="1.739" classname="com.cengage.mtx.automation.BasicSmoke.tests.Basic_History_SmokeTest"/>
  <testcase name="Tc013_verifySourceActivityPanelDisplay" time="1.502" classname="com.cengage.mtx.automation.BasicSmoke.tests.Basic_History_SmokeTest"/>
  <testcase name="Tc025_attemptSingleAndMultipleSourceActivityandSubmit" time="7.502" classname="com.cengage.mtx.automation.BasicSmoke.tests.Basic_History_SmokeTest"/>
  <testcase name="Tc010_attemptInfographicActivityandSubmit" time="11.530" classname="com.cengage.mtx.automation.BasicSmoke.tests.Basic_History_SmokeTest"/>
  <testcase name="Tc030_logOutFromApplication" time="2.621" classname="com.cengage.mtx.automation.BasicSmoke.tests.Basic_History_SmokeTest"/>
</testsuite> <!-- com.cengage.mtx.automation.BasicSmoke.tests.Basic_History_SmokeTest -->
