<?xml version="1.0" encoding="UTF-8"?>
<!-- Generated by org.testng.reporters.JUnitReportReporter -->
<testsuite hostname="DLLB0015" name="com.cengage.automation.BasicSmoke.tests.Basic_Chemistry_SmokeTest" tests="21" failures="0" timestamp="16 Jan 2014 05:10:48 GMT" time="280.165" errors="0">
  <testcase name="performOperationsOnHomePage" time="44.068" classname="com.cengage.automation.BasicSmoke.tests.Basic_Chemistry_SmokeTest"/>
  <testcase name="verifyStatusdisplayAsCompletedForTutoredActivity" time="6.399" classname="com.cengage.automation.BasicSmoke.tests.Basic_Chemistry_SmokeTest"/>
  <testcase name="AttemptingTutoredActivity" time="2.979" classname="com.cengage.automation.BasicSmoke.tests.Basic_Chemistry_SmokeTest"/>
  <testcase name="ActionsOnWeekWidgetView" time="3.196" classname="com.cengage.automation.BasicSmoke.tests.Basic_Chemistry_SmokeTest"/>
  <testcase name="AttemptingStudyGuide" time="0.602" classname="com.cengage.automation.BasicSmoke.tests.Basic_Chemistry_SmokeTest"/>
  <testcase name="OpenIntroductionandQuickPrepActivity" time="1.029" classname="com.cengage.automation.BasicSmoke.tests.Basic_Chemistry_SmokeTest"/>
  <testcase name="verifyNumberOfWeekEqualswithWeekavailableinWeekSlider" time="0.245" classname="com.cengage.automation.BasicSmoke.tests.Basic_Chemistry_SmokeTest"/>
  <testcase name="loginToTheSSOFrontDoor" time="13.435" classname="com.cengage.automation.BasicSmoke.tests.Basic_Chemistry_SmokeTest"/>
  <testcase name="verifyStartActiviyandSubmit" time="70.318" classname="com.cengage.automation.BasicSmoke.tests.Basic_Chemistry_SmokeTest"/>
  <testcase name="startAndSubmitStudyGuide" time="0.445" classname="com.cengage.automation.BasicSmoke.tests.Basic_Chemistry_SmokeTest"/>
  <testcase name="startAndSubmitReviewandChallengeActivity" time="7.048" classname="com.cengage.automation.BasicSmoke.tests.Basic_Chemistry_SmokeTest"/>
  <testcase name="AttemptingMasteryActivity" time="0.900" classname="com.cengage.automation.BasicSmoke.tests.Basic_Chemistry_SmokeTest"/>
  <testcase name="logOutFromApplication" time="3.151" classname="com.cengage.automation.BasicSmoke.tests.Basic_Chemistry_SmokeTest"/>
  <testcase name="verifyStatusdisplayAsCompletedForMasteryActivity" time="5.645" classname="com.cengage.automation.BasicSmoke.tests.Basic_Chemistry_SmokeTest"/>
  <testcase name="clickOnAppsAndVerifyAllOpen" time="29.135" classname="com.cengage.automation.BasicSmoke.tests.Basic_Chemistry_SmokeTest"/>
  <testcase name="AttemptingReviewandChallengeActivity" time="0.749" classname="com.cengage.automation.BasicSmoke.tests.Basic_Chemistry_SmokeTest"/>
  <testcase name="startAndSubmitTutoredActivity" time="12.624" classname="com.cengage.automation.BasicSmoke.tests.Basic_Chemistry_SmokeTest"/>
  <testcase name="verifyIntroductionandQuickPrepActivityStatusAsCompleted" time="6.031" classname="com.cengage.automation.BasicSmoke.tests.Basic_Chemistry_SmokeTest"/>
  <testcase name="verifyStatusdisplayAsCompletedForReviewandChallengeActivity" time="5.570" classname="com.cengage.automation.BasicSmoke.tests.Basic_Chemistry_SmokeTest"/>
  <testcase name="startAndSubmitMasteryActivity" time="66.475" classname="com.cengage.automation.BasicSmoke.tests.Basic_Chemistry_SmokeTest"/>
  <testcase name="verifyAllAppsButtonDisplays" time="0.121" classname="com.cengage.automation.BasicSmoke.tests.Basic_Chemistry_SmokeTest"/>
</testsuite> <!-- com.cengage.automation.BasicSmoke.tests.Basic_Chemistry_SmokeTest -->
