<?xml version="1.0" encoding="UTF-8"?>
<!-- Generated by org.testng.reporters.JUnitReportReporter -->
<testsuite hostname="DLLB0015" name="com.cengage.automation.BasicSmoke.tests.Basic_History_SmokeTest" tests="30" failures="0" timestamp="16 Jan 2014 04:51:17 GMT" time="160.685" errors="0">
  <testcase name="verifyInfographicActivityPanelDisplay" time="6.569" classname="com.cengage.automation.BasicSmoke.tests.Basic_History_SmokeTest"/>
  <testcase name="openEssayActivity" time="0.612" classname="com.cengage.automation.BasicSmoke.tests.Basic_History_SmokeTest"/>
  <testcase name="attemptEssayActivityandSubmit" time="7.167" classname="com.cengage.automation.BasicSmoke.tests.Basic_History_SmokeTest"/>
  <testcase name="ActionsOnWeekWidgetView" time="8.344" classname="com.cengage.automation.BasicSmoke.tests.Basic_History_SmokeTest"/>
  <testcase name="verifySourceActivityPanelDisplay" time="1.268" classname="com.cengage.automation.BasicSmoke.tests.Basic_History_SmokeTest"/>
  <testcase name="openSourceActivityActivity" time="0.594" classname="com.cengage.automation.BasicSmoke.tests.Basic_History_SmokeTest"/>
  <testcase name="openStudyActivity" time="0.648" classname="com.cengage.automation.BasicSmoke.tests.Basic_History_SmokeTest"/>
  <testcase name="verifyCompleteStatusForEssayActivity" time="1.227" classname="com.cengage.automation.BasicSmoke.tests.Basic_History_SmokeTest"/>
  <testcase name="startActivityButtonSingleAndMultipleSourceActivityDisplayAndClick" time="2.954" classname="com.cengage.automation.BasicSmoke.tests.Basic_History_SmokeTest"/>
  <testcase name="performOperationsOnHomePage" time="29.667" classname="com.cengage.automation.BasicSmoke.tests.Basic_History_SmokeTest"/>
  <testcase name="openInfographicActivity" time="0.529" classname="com.cengage.automation.BasicSmoke.tests.Basic_History_SmokeTest"/>
  <testcase name="startActivityButtonSourceActivityDisplayAndClick" time="4.161" classname="com.cengage.automation.BasicSmoke.tests.Basic_History_SmokeTest"/>
  <testcase name="attemptSourceActivityandSubmit" time="22.251" classname="com.cengage.automation.BasicSmoke.tests.Basic_History_SmokeTest"/>
  <testcase name="verifyStudyActivityPanelDisplay" time="1.290" classname="com.cengage.automation.BasicSmoke.tests.Basic_History_SmokeTest"/>
  <testcase name="verifyAllAppsButtonDisplays" time="2.377" classname="com.cengage.automation.BasicSmoke.tests.Basic_History_SmokeTest"/>
  <testcase name="verifyNumberOfWeekEqualswithWeekavailableinWeekSlider" time="0.880" classname="com.cengage.automation.BasicSmoke.tests.Basic_History_SmokeTest"/>
  <testcase name="loginToTheSSOFrontDoor" time="12.952" classname="com.cengage.automation.BasicSmoke.tests.Basic_History_SmokeTest"/>
  <testcase name="startActivityButtonInfographicDisplayAndClick" time="6.972" classname="com.cengage.automation.BasicSmoke.tests.Basic_History_SmokeTest"/>
  <testcase name="startActivityButtonEssayActivityDisplayAndClick" time="2.462" classname="com.cengage.automation.BasicSmoke.tests.Basic_History_SmokeTest"/>
  <testcase name="attemptSingleAndMultipleSourceActivityandSubmit" time="6.878" classname="com.cengage.automation.BasicSmoke.tests.Basic_History_SmokeTest"/>
  <testcase name="verifyEssayActivityPanelDisplay" time="1.198" classname="com.cengage.automation.BasicSmoke.tests.Basic_History_SmokeTest"/>
  <testcase name="startStudyActivityAndClose" time="2.880" classname="com.cengage.automation.BasicSmoke.tests.Basic_History_SmokeTest"/>
  <testcase name="verifyCompleteStatusForSourceActivity" time="1.234" classname="com.cengage.automation.BasicSmoke.tests.Basic_History_SmokeTest"/>
  <testcase name="verifyCompleteStatusForInfographicActivity" time="1.780" classname="com.cengage.automation.BasicSmoke.tests.Basic_History_SmokeTest"/>
  <testcase name="openSingleAndMultipleSourceActivity" time="0.552" classname="com.cengage.automation.BasicSmoke.tests.Basic_History_SmokeTest"/>
  <testcase name="logOutFromApplication" time="2.476" classname="com.cengage.automation.BasicSmoke.tests.Basic_History_SmokeTest"/>
  <testcase name="verifyCompleteStatusForSingleAndMultipleSourceActivity" time="1.396" classname="com.cengage.automation.BasicSmoke.tests.Basic_History_SmokeTest"/>
  <testcase name="clickOnAppsAndVerifyAllOpen" time="20.075" classname="com.cengage.automation.BasicSmoke.tests.Basic_History_SmokeTest"/>
  <testcase name="verifySingleAndMultipleSourceActivityPanelDisplay" time="1.052" classname="com.cengage.automation.BasicSmoke.tests.Basic_History_SmokeTest"/>
  <testcase name="attemptInfographicActivityandSubmit" time="8.240" classname="com.cengage.automation.BasicSmoke.tests.Basic_History_SmokeTest"/>
</testsuite> <!-- com.cengage.automation.BasicSmoke.tests.Basic_History_SmokeTest -->
