<?xml version="1.0" encoding="UTF-8"?>
<!-- Generated by org.testng.reporters.JUnitReportReporter -->
<testsuite hostname="DLLB0015" name="com.cengage.automation.BasicSmoke.tests.CXP_Smoke_TestRunner" tests="1" failures="0" timestamp="16 Jan 2014 05:17:58 GMT" time="90.673" errors="0">
  <testcase name="Test" time="90.673" classname="com.cengage.automation.BasicSmoke.tests.CXP_Smoke_TestRunner"/>
</testsuite> <!-- com.cengage.automation.BasicSmoke.tests.CXP_Smoke_TestRunner -->
