<?xml version="1.0" encoding="UTF-8"?>
<!-- Generated by org.testng.reporters.JUnitReportReporter -->
<testsuite hostname="DLLB0015" name="com.cengage.automation.reports.ResultsIT" tests="1" failures="0" timestamp="16 Jan 2014 07:14:01 GMT" time="2.302" errors="0">
  <testcase name="sendResultsMail" time="2.302" classname="com.cengage.automation.reports.ResultsIT"/>
</testsuite> <!-- com.cengage.automation.reports.ResultsIT -->
