<?xml version="1.0" encoding="UTF-8"?>
<!-- Generated by org.testng.reporters.JUnitReportReporter -->
<testsuite hostname="DLLB0015" name="com.qait.automation.tests.Basic_History_SmokeTest" tests="30" failures="0" timestamp="9 Jan 2014 10:14:20 GMT" time="143.929" errors="0">
  <testcase name="verifyCompleteStatusForEssayActivity" time="1.396" classname="com.qait.automation.tests.Basic_History_SmokeTest"/>
  <testcase name="verifyCompleteStatusForSingleAndMultipleSourceActivity" time="1.427" classname="com.qait.automation.tests.Basic_History_SmokeTest"/>
  <testcase name="startStudyActivityAndClose" time="4.650" classname="com.qait.automation.tests.Basic_History_SmokeTest"/>
  <testcase name="loginToTheSSOFrontDoor" time="12.895" classname="com.qait.automation.tests.Basic_History_SmokeTest"/>
  <testcase name="verifySourceActivityPanelDisplay" time="1.317" classname="com.qait.automation.tests.Basic_History_SmokeTest"/>
  <testcase name="verifyEssayActivityPanelDisplay" time="1.260" classname="com.qait.automation.tests.Basic_History_SmokeTest"/>
  <testcase name="openInfographicActivity" time="0.372" classname="com.qait.automation.tests.Basic_History_SmokeTest"/>
  <testcase name="verifySingleAndMultipleSourceActivityPanelDisplay" time="3.363" classname="com.qait.automation.tests.Basic_History_SmokeTest"/>
  <testcase name="startActivityButtonSingleAndMultipleSourceActivityDisplayAndClick" time="3.448" classname="com.qait.automation.tests.Basic_History_SmokeTest"/>
  <testcase name="logOutFromApplication" time="2.345" classname="com.qait.automation.tests.Basic_History_SmokeTest"/>
  <testcase name="attemptSingleAndMultipleSourceActivityandSubmit" time="7.241" classname="com.qait.automation.tests.Basic_History_SmokeTest"/>
  <testcase name="performOperationsOnHomePage" time="25.035" classname="com.qait.automation.tests.Basic_History_SmokeTest"/>
  <testcase name="startActivityButtonInfographicDisplayAndClick" time="6.233" classname="com.qait.automation.tests.Basic_History_SmokeTest"/>
  <testcase name="openSourceActivityActivity" time="0.675" classname="com.qait.automation.tests.Basic_History_SmokeTest"/>
  <testcase name="verifyCompleteStatusForInfographicActivity" time="1.334" classname="com.qait.automation.tests.Basic_History_SmokeTest"/>
  <testcase name="verifyCompleteStatusForSourceActivity" time="1.239" classname="com.qait.automation.tests.Basic_History_SmokeTest"/>
  <testcase name="verifyAllAppsButtonDisplays" time="0.000" classname="com.qait.automation.tests.Basic_History_SmokeTest"/>
  <testcase name="verifyInfographicActivityPanelDisplay" time="9.837" classname="com.qait.automation.tests.Basic_History_SmokeTest"/>
  <testcase name="attemptInfographicActivityandSubmit" time="9.034" classname="com.qait.automation.tests.Basic_History_SmokeTest"/>
  <testcase name="attemptSourceActivityandSubmit" time="22.417" classname="com.qait.automation.tests.Basic_History_SmokeTest"/>
  <testcase name="verifyStudyActivityPanelDisplay" time="1.134" classname="com.qait.automation.tests.Basic_History_SmokeTest"/>
  <testcase name="openStudyActivity" time="0.935" classname="com.qait.automation.tests.Basic_History_SmokeTest"/>
  <testcase name="openEssayActivity" time="0.684" classname="com.qait.automation.tests.Basic_History_SmokeTest"/>
  <testcase name="verifyNumberOfWeekEqualswithWeekavailableinWeekSlider" time="3.645" classname="com.qait.automation.tests.Basic_History_SmokeTest"/>
  <testcase name="clickOnAppsAndVerifyAllOpen" time="0.001" classname="com.qait.automation.tests.Basic_History_SmokeTest"/>
  <testcase name="ActionsOnWeekWidgetView" time="7.671" classname="com.qait.automation.tests.Basic_History_SmokeTest"/>
  <testcase name="startActivityButtonEssayActivityDisplayAndClick" time="2.425" classname="com.qait.automation.tests.Basic_History_SmokeTest"/>
  <testcase name="startActivityButtonSourceActivityDisplayAndClick" time="4.079" classname="com.qait.automation.tests.Basic_History_SmokeTest"/>
  <testcase name="openSingleAndMultipleSourceActivity" time="0.539" classname="com.qait.automation.tests.Basic_History_SmokeTest"/>
  <testcase name="attemptEssayActivityandSubmit" time="7.298" classname="com.qait.automation.tests.Basic_History_SmokeTest"/>
</testsuite> <!-- com.qait.automation.tests.Basic_History_SmokeTest -->
