<?xml version="1.0" encoding="UTF-8"?>
<!-- Generated by org.testng.reporters.JUnitReportReporter -->
<testsuite hostname="DLLB0015" name="com.qait.automation.tests.Basic_History_SmokeTest" tests="11" failures="0" timestamp="8 Jan 2014 15:04:18 GMT" time="99.734" errors="0">
  <testcase name="startActivityButtonInfographicDisplayAndClick" time="7.245" classname="com.qait.automation.tests.Basic_History_SmokeTest"/>
  <testcase name="performOperationsOnHomePage" time="34.216" classname="com.qait.automation.tests.Basic_History_SmokeTest"/>
  <testcase name="clickOnAppsAndVerifyAllOpen" time="0.000" classname="com.qait.automation.tests.Basic_History_SmokeTest"/>
  <testcase name="verifyCompleteStatusForInfographicActivity" time="1.610" classname="com.qait.automation.tests.Basic_History_SmokeTest"/>
  <testcase name="verifyInfographicActivityPanelDisplay" time="6.460" classname="com.qait.automation.tests.Basic_History_SmokeTest"/>
  <testcase name="verifyNumberOfWeekEqualswithWeekavailableinWeekSlider" time="3.662" classname="com.qait.automation.tests.Basic_History_SmokeTest"/>
  <testcase name="verifyAllAppsButtonDisplays" time="0.001" classname="com.qait.automation.tests.Basic_History_SmokeTest"/>
  <testcase name="openInfographicActivity" time="0.291" classname="com.qait.automation.tests.Basic_History_SmokeTest"/>
  <testcase name="loginToTheSSOFrontDoor" time="12.705" classname="com.qait.automation.tests.Basic_History_SmokeTest"/>
  <testcase name="ActionsOnWeekWidgetView" time="10.705" classname="com.qait.automation.tests.Basic_History_SmokeTest"/>
  <testcase name="attemptInfographicActivityandSubmit" time="22.839" classname="com.qait.automation.tests.Basic_History_SmokeTest"/>
</testsuite> <!-- com.qait.automation.tests.Basic_History_SmokeTest -->
