<?xml version="1.0" encoding="UTF-8"?>
<!-- Generated by org.testng.reporters.JUnitReportReporter -->
<testsuite hostname="DLLB0015" name="com.qait.automation.tests.Basic_Chemistry_SmokeTest" tests="21" failures="0" timestamp="8 Jan 2014 15:00:45 GMT" time="303.488" errors="0">
  <testcase name="logOutFromApplication" time="2.210" classname="com.qait.automation.tests.Basic_Chemistry_SmokeTest"/>
  <testcase name="AttemptingMasteryActivity" time="1.546" classname="com.qait.automation.tests.Basic_Chemistry_SmokeTest"/>
  <testcase name="startAndSubmitReviewandChallengeActivity" time="7.574" classname="com.qait.automation.tests.Basic_Chemistry_SmokeTest"/>
  <testcase name="AttemptingStudyGuide" time="1.532" classname="com.qait.automation.tests.Basic_Chemistry_SmokeTest"/>
  <testcase name="loginToTheSSOFrontDoor" time="13.089" classname="com.qait.automation.tests.Basic_Chemistry_SmokeTest"/>
  <testcase name="ActionsOnWeekWidgetView" time="14.556" classname="com.qait.automation.tests.Basic_Chemistry_SmokeTest"/>
  <testcase name="verifyStartActiviyandSubmit" time="9.169" classname="com.qait.automation.tests.Basic_Chemistry_SmokeTest"/>
  <testcase name="verifyNumberOfWeekEqualswithWeekavailableinWeekSlider" time="12.292" classname="com.qait.automation.tests.Basic_Chemistry_SmokeTest"/>
  <testcase name="startAndSubmitStudyGuide" time="0.634" classname="com.qait.automation.tests.Basic_Chemistry_SmokeTest"/>
  <testcase name="verifyAllAppsButtonDisplays" time="2.863" classname="com.qait.automation.tests.Basic_Chemistry_SmokeTest"/>
  <testcase name="OpenIntroductionandQuickPrepActivity" time="1.321" classname="com.qait.automation.tests.Basic_Chemistry_SmokeTest"/>
  <testcase name="AttemptingTutoredActivity" time="2.275" classname="com.qait.automation.tests.Basic_Chemistry_SmokeTest"/>
  <testcase name="verifyStatusdisplayAsCompletedForMasteryActivity" time="7.403" classname="com.qait.automation.tests.Basic_Chemistry_SmokeTest"/>
  <testcase name="verifyIntroductionandQuickPrepActivityStatusAsCompleted" time="7.634" classname="com.qait.automation.tests.Basic_Chemistry_SmokeTest"/>
  <testcase name="verifyStatusdisplayAsCompletedForReviewandChallengeActivity" time="7.693" classname="com.qait.automation.tests.Basic_Chemistry_SmokeTest"/>
  <testcase name="AttemptingReviewandChallengeActivity" time="1.275" classname="com.qait.automation.tests.Basic_Chemistry_SmokeTest"/>
  <testcase name="startAndSubmitTutoredActivity" time="20.704" classname="com.qait.automation.tests.Basic_Chemistry_SmokeTest"/>
  <testcase name="performOperationsOnHomePage" time="24.658" classname="com.qait.automation.tests.Basic_Chemistry_SmokeTest"/>
  <testcase name="clickOnAppsAndVerifyAllOpen" time="27.608" classname="com.qait.automation.tests.Basic_Chemistry_SmokeTest"/>
  <testcase name="verifyStatusdisplayAsCompletedForTutoredActivity" time="8.985" classname="com.qait.automation.tests.Basic_Chemistry_SmokeTest"/>
  <testcase name="startAndSubmitMasteryActivity" time="128.467" classname="com.qait.automation.tests.Basic_Chemistry_SmokeTest"/>
</testsuite> <!-- com.qait.automation.tests.Basic_Chemistry_SmokeTest -->
