<?xml version="1.0" encoding="UTF-8"?>
<!-- Generated by org.testng.reporters.JUnitReportReporter -->
<testsuite hostname="DLLB0015" name="com.qait.automation.tests.Basic_Chemistry_SmokeTest" tests="21" failures="0" timestamp="9 Jan 2014 12:47:56 GMT" time="304.163" errors="0">
  <testcase name="AttemptingStudyGuide" time="1.218" classname="com.qait.automation.tests.Basic_Chemistry_SmokeTest"/>
  <testcase name="AttemptingMasteryActivity" time="1.876" classname="com.qait.automation.tests.Basic_Chemistry_SmokeTest"/>
  <testcase name="verifyIntroductionandQuickPrepActivityStatusAsCompleted" time="7.966" classname="com.qait.automation.tests.Basic_Chemistry_SmokeTest"/>
  <testcase name="OpenIntroductionandQuickPrepActivity" time="1.363" classname="com.qait.automation.tests.Basic_Chemistry_SmokeTest"/>
  <testcase name="startAndSubmitStudyGuide" time="0.646" classname="com.qait.automation.tests.Basic_Chemistry_SmokeTest"/>
  <testcase name="verifyStartActiviyandSubmit" time="7.369" classname="com.qait.automation.tests.Basic_Chemistry_SmokeTest"/>
  <testcase name="logOutFromApplication" time="2.268" classname="com.qait.automation.tests.Basic_Chemistry_SmokeTest"/>
  <testcase name="verifyAllAppsButtonDisplays" time="3.918" classname="com.qait.automation.tests.Basic_Chemistry_SmokeTest"/>
  <testcase name="verifyStatusdisplayAsCompletedForTutoredActivity" time="11.142" classname="com.qait.automation.tests.Basic_Chemistry_SmokeTest"/>
  <testcase name="verifyNumberOfWeekEqualswithWeekavailableinWeekSlider" time="0.680" classname="com.qait.automation.tests.Basic_Chemistry_SmokeTest"/>
  <testcase name="verifyStatusdisplayAsCompletedForReviewandChallengeActivity" time="7.698" classname="com.qait.automation.tests.Basic_Chemistry_SmokeTest"/>
  <testcase name="clickOnAppsAndVerifyAllOpen" time="28.767" classname="com.qait.automation.tests.Basic_Chemistry_SmokeTest"/>
  <testcase name="performOperationsOnHomePage" time="25.360" classname="com.qait.automation.tests.Basic_Chemistry_SmokeTest"/>
  <testcase name="verifyStatusdisplayAsCompletedForMasteryActivity" time="7.843" classname="com.qait.automation.tests.Basic_Chemistry_SmokeTest"/>
  <testcase name="loginToTheSSOFrontDoor" time="12.327" classname="com.qait.automation.tests.Basic_Chemistry_SmokeTest"/>
  <testcase name="startAndSubmitMasteryActivity" time="125.607" classname="com.qait.automation.tests.Basic_Chemistry_SmokeTest"/>
  <testcase name="AttemptingReviewandChallengeActivity" time="1.517" classname="com.qait.automation.tests.Basic_Chemistry_SmokeTest"/>
  <testcase name="ActionsOnWeekWidgetView" time="12.682" classname="com.qait.automation.tests.Basic_Chemistry_SmokeTest"/>
  <testcase name="AttemptingTutoredActivity" time="2.380" classname="com.qait.automation.tests.Basic_Chemistry_SmokeTest"/>
  <testcase name="startAndSubmitTutoredActivity" time="33.185" classname="com.qait.automation.tests.Basic_Chemistry_SmokeTest"/>
  <testcase name="startAndSubmitReviewandChallengeActivity" time="8.351" classname="com.qait.automation.tests.Basic_Chemistry_SmokeTest"/>
</testsuite> <!-- com.qait.automation.tests.Basic_Chemistry_SmokeTest -->
