<?xml version="1.0" encoding="UTF-8"?>
<!-- Generated by org.testng.reporters.JUnitReportReporter -->
<testsuite hostname="DLLB0015" name="com.qait.launchpad.automation.tests.LoginTest" tests="12" failures="0" timestamp="20 Dec 2013 13:24:13 GMT" time="98.467" errors="0">
  <testcase name="verifyLandingPage" time="31.819" classname="com.qait.launchpad.automation.tests.LoginTest"/>
  <testcase name="navigateToWeek" time="5.553" classname="com.qait.launchpad.automation.tests.LoginTest"/>
  <testcase name="clickOnOpenBookButtonAsBookName" time="0.653" classname="com.qait.launchpad.automation.tests.LoginTest"/>
  <testcase name="clickOnActivityLink" time="0.378" classname="com.qait.launchpad.automation.tests.LoginTest"/>
  <testcase name="verifyStudentBoardDisplay" time="29.770" classname="com.qait.launchpad.automation.tests.LoginTest"/>
  <testcase name="verifyApplicationNavigatedToWeek" time="2.115" classname="com.qait.launchpad.automation.tests.LoginTest"/>
  <testcase name="completedActivityAndSubmitActivity" time="3.355" classname="com.qait.launchpad.automation.tests.LoginTest"/>
  <testcase name="clickStartActivityButtonDisplay" time="5.650" classname="com.qait.launchpad.automation.tests.LoginTest"/>
  <testcase name="verifyActivityPaneDisplay" time="5.657" classname="com.qait.launchpad.automation.tests.LoginTest"/>
  <testcase name="verifyActivityStatusDisplayAsCompleted" time="3.722" classname="com.qait.launchpad.automation.tests.LoginTest"/>
  <testcase name="openActivity" time="0.130" classname="com.qait.launchpad.automation.tests.LoginTest"/>
  <testcase name="loginToTheSSOFrontDoor" time="9.665" classname="com.qait.launchpad.automation.tests.LoginTest"/>
</testsuite> <!-- com.qait.launchpad.automation.tests.LoginTest -->
