<?xml version="1.0" encoding="UTF-8"?>
<!-- Generated by org.testng.reporters.JUnitReportReporter -->
<testsuite hostname="DLLB0015" name="com.cengage.mtx.automation.BasicSmoke.tests.Henley_Basic_Smoke_TestRunner" tests="1" failures="0" timestamp="22 Jan 2014 12:57:07 GMT" time="1232.526" errors="0">
  <testcase name="Test" time="1232.526" classname="com.cengage.mtx.automation.BasicSmoke.tests.Henley_Basic_Smoke_TestRunner"/>
</testsuite> <!-- com.cengage.mtx.automation.BasicSmoke.tests.Henley_Basic_Smoke_TestRunner -->
