<?xml version="1.0" encoding="UTF-8"?>
<!-- Generated by org.testng.reporters.JUnitReportReporter -->
<testsuite hostname="DLLB0015" name="com.cengage.automation.BasicSmoke.tests.Basic_Chemistry_SmokeTest" tests="1" failures="0" timestamp="14 Jan 2014 13:23:34 GMT" time="28.438" errors="0">
  <testcase name="loginToTheSSOFrontDoor" time="28.438" classname="com.cengage.automation.BasicSmoke.tests.Basic_Chemistry_SmokeTest"/>
</testsuite> <!-- com.cengage.automation.BasicSmoke.tests.Basic_Chemistry_SmokeTest -->
