<?xml version="1.0" encoding="UTF-8"?>
<!-- Generated by org.testng.reporters.JUnitReportReporter -->
<testsuite hostname="DLLB0015" name="com.cengage.automation.BasicSmoke.tests.Henley_Basic_Smoke_TestRunner" tests="1" failures="0" timestamp="16 Jan 2014 14:02:54 GMT" time="221.440" errors="0">
  <testcase name="Test" time="221.440" classname="com.cengage.automation.BasicSmoke.tests.Henley_Basic_Smoke_TestRunner"/>
</testsuite> <!-- com.cengage.automation.BasicSmoke.tests.Henley_Basic_Smoke_TestRunner -->
