<?xml version="1.0" encoding="UTF-8"?>
<!-- Generated by org.testng.reporters.JUnitReportReporter -->
<testsuite hostname="DLLB0015" name="com.cengage.mtx.automation.BasicSmoke.tests.StudentWorkFlowSomkeTestRunner" tests="1" failures="0" timestamp="27 Jan 2014 11:35:58 GMT" time="1233.183" errors="0">
  <testcase name="Test" time="1233.183" classname="com.cengage.mtx.automation.BasicSmoke.tests.StudentWorkFlowSomkeTestRunner"/>
</testsuite> <!-- com.cengage.mtx.automation.BasicSmoke.tests.StudentWorkFlowSomkeTestRunner -->
