<?xml version="1.0" encoding="UTF-8"?>
<!-- Generated by org.testng.reporters.JUnitReportReporter -->
<testsuite hostname="HPDB0148" name="com.qait.launchpad.automation.tests.LoginTest" tests="1" failures="0" timestamp="17 Dec 2013 11:48:05 GMT" time="4.913" errors="0">
  <testcase name="loginToTheSSOFrontDoor" time="4.913" classname="com.qait.launchpad.automation.tests.LoginTest"/>
</testsuite> <!-- com.qait.launchpad.automation.tests.LoginTest -->
