<?xml version="1.0" encoding="UTF-8"?>
<!-- Generated by org.testng.reporters.JUnitReportReporter -->
<testsuite hostname="DLLB0015" name="com.cengage.mtx.automation.reports.ResultsIT" tests="1" failures="0" timestamp="27 Jan 2014 11:36:09 GMT" time="8.370" errors="0">
  <testcase name="sendResultsMail" time="8.370" classname="com.cengage.mtx.automation.reports.ResultsIT"/>
</testsuite> <!-- com.cengage.mtx.automation.reports.ResultsIT -->
