<?xml version="1.0" encoding="UTF-8"?>
<!-- Generated by org.testng.reporters.JUnitReportReporter -->
<testsuite hostname="DLLB0015" name="com.cengage.automation.reports.ResultsIT" tests="1" failures="0" timestamp="16 Jan 2014 14:03:04 GMT" time="7.073" errors="0">
  <testcase name="sendResultsMail" time="7.073" classname="com.cengage.automation.reports.ResultsIT"/>
</testsuite> <!-- com.cengage.automation.reports.ResultsIT -->
