<?xml version="1.0" encoding="UTF-8"?>
<!-- Generated by org.testng.reporters.JUnitReportReporter -->
<testsuite hostname="DLLB0015" name="com.cengage.mtx.automation.reports.ResultsIT" tests="1" failures="0" timestamp="22 Jan 2014 12:57:16 GMT" time="7.800" errors="0">
  <testcase name="sendResultsMail" time="7.800" classname="com.cengage.mtx.automation.reports.ResultsIT"/>
</testsuite> <!-- com.cengage.mtx.automation.reports.ResultsIT -->
