<?xml version="1.0" encoding="UTF-8"?>
<!-- Generated by org.testng.reporters.JUnitReportReporter -->
<testsuite hostname="DLLB0015" name="com.cengage.automation.reports.ResultsIT" tests="1" failures="0" timestamp="14 Jan 2014 13:23:38 GMT" time="0.180" errors="0">
  <testcase name="sendResultsMail" time="0.180" classname="com.cengage.automation.reports.ResultsIT"/>
</testsuite> <!-- com.cengage.automation.reports.ResultsIT -->
